\BOOKMARK [0][-]{chapter*.7}{Introduction}{}% 1
\BOOKMARK [0][-]{chapter*.8}{Theoretical and Historical Foundations}{}% 2
\BOOKMARK [1][-]{section*.9}{Patient Choices}{chapter*.8}% 3
\BOOKMARK [2][-]{subsection.2.0.1}{Why maight patients not choose a traditioanl primary care practitioner?}{section*.9}% 4
\BOOKMARK [1][-]{section*.10}{The Rise and Fall of the Golden Age of Doctoring}{chapter*.8}% 5
\BOOKMARK [1][-]{section*.14}{From patient to client}{chapter*.8}% 6
\BOOKMARK [2][-]{section*.15}{Consequences for health care?}{section*.14}% 7
\BOOKMARK [0][-]{chapter*.16}{Model Building: theories of urgent care use}{}% 8
\BOOKMARK [1][-]{section*.17}{H1: An extension of the Welfare State}{chapter*.16}% 9
\BOOKMARK [1][-]{section*.18}{H2: Response to Consumer Disatisfaction}{chapter*.16}% 10
\BOOKMARK [1][-]{section*.19}{H3: New Model of Primary Care}{chapter*.16}% 11
\BOOKMARK [0][-]{chapter*.20}{Methods}{}% 12
\BOOKMARK [1][-]{section*.21}{Data}{chapter*.20}% 13
\BOOKMARK [1][-]{section*.22}{Variable Selection and Summary Statistics}{chapter*.20}% 14
\BOOKMARK [1][-]{section*.23}{k-Modes Cluster Analysis}{chapter*.20}% 15
\BOOKMARK [1][-]{section*.25}{Regression: Logistic Modeling of Urgent Care}{chapter*.20}% 16
\BOOKMARK [2][-]{section*.26}{Operationalization and Recoding of Variables}{section*.25}% 17
\BOOKMARK [0][-]{chapter*.29}{Analysis}{}% 18
\BOOKMARK [1][-]{section*.30}{Identifying Typologies with Clustering}{chapter*.29}% 19
\BOOKMARK [1][-]{section.5.1}{Testing Hypotheses}{chapter*.29}% 20
\BOOKMARK [1][-]{section*.33}{Multinomial Logistic Regression Analysis}{chapter*.29}% 21
\BOOKMARK [1][-]{section*.35}{Logistic Regression Analysis}{chapter*.29}% 22
\BOOKMARK [1][-]{section*.38}{Revisiting the hypotheses}{chapter*.29}% 23
\BOOKMARK [0][-]{chapter*.39}{Conclusion}{}% 24
\BOOKMARK [0][-]{chapter*.40}{Appendix A}{}% 25
\BOOKMARK [0][-]{chapter*.41}{Appendix B}{}% 26
\BOOKMARK [0][-]{chapter*.47}{Bibliography}{}% 27
